Using pre-set license
Built from '2020.3/staging' branch; Version is '2020.3.24f1 (79c78de19888) revision 7980941'; Using compiler version '192528614'; Build Type 'Release'
OS: 'Windows 11  (10.0.22000) 64bit Core' Language: 'en' Physical Memory: 16340 MB
BatchMode: 1, IsHumanControllingUs: 0, StartBugReporterOnCrash: 0, Is64bit: 1, IsPro: 0

COMMAND LINE ARGUMENTS:
C:\Program Files\Unity\Hub\Editor\2020.3.24f1\Editor\Unity.exe
-adb2
-batchMode
-noUpm
-name
AssetImportWorker0
-projectPath
E:/Github/Freelance-Felons/GTAClone
-logFile
Logs/AssetImportWorker0.log
-srvPort
1287
Successfully changed project path to: E:/Github/Freelance-Felons/GTAClone
E:/Github/Freelance-Felons/GTAClone
Using Asset Import Pipeline V2.
Refreshing native plugins compatible for Editor in 111.53 ms, found 2 plugins.
Preloading 0 native plugins for Editor in 0.00 ms.
Initialize engine version: 2020.3.24f1 (79c78de19888)
[Subsystems] Discovering subsystems at path C:/Program Files/Unity/Hub/Editor/2020.3.24f1/Editor/Data/Resources/UnitySubsystems
[Subsystems] Discovering subsystems at path E:/Github/Freelance-Felons/GTAClone/Assets
GfxDevice: creating device client; threaded=0
Direct3D:
    Version:  Direct3D 11.0 [level 11.1]
    Renderer: NVIDIA GeForce RTX 2060 (ID=0x1e89)
    Vendor:   
    VRAM:     5967 MB
    Driver:   30.0.14.9613
Initialize mono
Mono path[0] = 'C:/Program Files/Unity/Hub/Editor/2020.3.24f1/Editor/Data/Managed'
Mono path[1] = 'C:/Program Files/Unity/Hub/Editor/2020.3.24f1/Editor/Data/MonoBleedingEdge/lib/mono/unityjit'
Mono config path = 'C:/Program Files/Unity/Hub/Editor/2020.3.24f1/Editor/Data/MonoBleedingEdge/etc'
Using monoOptions --debugger-agent=transport=dt_socket,embedding=1,server=y,suspend=n,address=127.0.0.1:56872
Begin MonoManager ReloadAssembly
Registering precompiled unity dll's ...
Register platform support module: C:/Program Files/Unity/Hub/Editor/2020.3.24f1/Editor/Data/PlaybackEngines/WindowsStandaloneSupport/UnityEditor.WindowsStandalone.Extensions.dll
Registered in 0.004130 seconds.
Native extension for WindowsStandalone target not found
Refreshing native plugins compatible for Editor in 155.27 ms, found 2 plugins.
Preloading 0 native plugins for Editor in 0.00 ms.
Mono: successfully reloaded assembly
- Completed reload, in  1.085 seconds
Domain Reload Profiling:
	ReloadAssembly (1086ms)
		BeginReloadAssembly (71ms)
			ExecutionOrderSort (0ms)
			DisableScriptedObjects (0ms)
			BackupInstance (0ms)
			ReleaseScriptingObjects (0ms)
			CreateAndSetChildDomain (1ms)
		EndReloadAssembly (830ms)
			LoadAssemblies (68ms)
			RebuildTransferFunctionScriptingTraits (0ms)
			SetupTypeCache (230ms)
			ReleaseScriptCaches (0ms)
			RebuildScriptCaches (49ms)
			SetupLoadedEditorAssemblies (356ms)
				LogAssemblyErrors (0ms)
				InitializePlatformSupportModulesInManaged (6ms)
				SetLoadedEditorAssemblies (0ms)
				RefreshPlugins (155ms)
				BeforeProcessingInitializeOnLoad (12ms)
				ProcessInitializeOnLoadAttributes (137ms)
				ProcessInitializeOnLoadMethodAttributes (45ms)
				AfterProcessingInitializeOnLoad (0ms)
				EditorAssembliesLoaded (0ms)
			ExecutionOrderSort2 (0ms)
			AwakeInstancesAfterBackupRestoration (0ms)
Platform modules already initialized, skipping
Registering precompiled user dll's ...
Registered in 0.009100 seconds.
Begin MonoManager ReloadAssembly
Native extension for WindowsStandalone target not found
Refreshing native plugins compatible for Editor in 160.99 ms, found 2 plugins.
Preloading 0 native plugins for Editor in 0.00 ms.
Mono: successfully reloaded assembly
- Completed reload, in  2.315 seconds
Domain Reload Profiling:
	ReloadAssembly (2317ms)
		BeginReloadAssembly (176ms)
			ExecutionOrderSort (0ms)
			DisableScriptedObjects (5ms)
			BackupInstance (0ms)
			ReleaseScriptingObjects (0ms)
			CreateAndSetChildDomain (21ms)
		EndReloadAssembly (2062ms)
			LoadAssemblies (134ms)
			RebuildTransferFunctionScriptingTraits (0ms)
			SetupTypeCache (511ms)
			ReleaseScriptCaches (1ms)
			RebuildScriptCaches (72ms)
			SetupLoadedEditorAssemblies (1187ms)
				LogAssemblyErrors (0ms)
				InitializePlatformSupportModulesInManaged (4ms)
				SetLoadedEditorAssemblies (0ms)
				RefreshPlugins (161ms)
				BeforeProcessingInitializeOnLoad (125ms)
				ProcessInitializeOnLoadAttributes (873ms)
				ProcessInitializeOnLoadMethodAttributes (13ms)
				AfterProcessingInitializeOnLoad (10ms)
				EditorAssembliesLoaded (0ms)
			ExecutionOrderSort2 (0ms)
			AwakeInstancesAfterBackupRestoration (9ms)
Platform modules already initialized, skipping
========================================================================
Worker process is ready to serve import requests
Launched and connected shader compiler UnityShaderCompiler.exe after 0.06 seconds
Refreshing native plugins compatible for Editor in 1.00 ms, found 2 plugins.
Preloading 0 native plugins for Editor in 0.00 ms.
Unloading 3254 Unused Serialized files (Serialized files now loaded: 0)
System memory in use before: 202.0 MB.
System memory in use after: 202.1 MB.

Unloading 33 unused Assets to reduce memory usage. Loaded Objects now: 3756.
Total: 4.796400 ms (FindLiveObjects: 0.303900 ms CreateObjectMapping: 0.164400 ms MarkObjects: 4.072500 ms  DeleteObjects: 0.254100 ms)

AssetImportParameters requested are different than current active one (requested -> active):
  custom:framework-win-MediaFoundation: 216162199b28c13a410421893ffa2e32 -> 
  custom:video-decoder-ogg-theora: a1e56fd34408186e4bbccfd4996cb3dc -> 
  custom:container-muxer-webm: aa71ff27fc2769a1b78a27578f13a17b -> 
  custom:container-demuxer-webm: 4f35f7cbe854078d1ac9338744f61a02 -> 
  custom:container-demuxer-ogg: 62fdf1f143b41e24485cea50d1cbac27 -> 
  custom:video-encoder-webm-vp8: eb34c28f22e8b96e1ab97ce403110664 -> 
  custom:video-codec-MediaFoundation-h265: 746d11721c4dcdbdad8f713fa42b33f4 -> 
  custom:video-decoder-webm-vp8: 9c59270c3fd7afecdb556c50c9e8de78 -> 
  custom:audio-decoder-ogg-vorbis: bf7c407c2cedff20999df2af8eb42d56 -> 
  custom:audio-encoder-webm-vorbis: bf7c407c2cedff20999df2af8eb42d56 -> 
========================================================================
Received Import Request.
  path: Assets/Vehicles/Prefabs/Vehicle-07.prefab
  artifactKey: Guid(e3577d762f2e3b64eb87101a3f5d0006) Importer(815301076,1909f56bfc062723c751e8b465ee728b)
Start importing Assets/Vehicles/Prefabs/Vehicle-07.prefab using Guid(e3577d762f2e3b64eb87101a3f5d0006) Importer(815301076,1909f56bfc062723c751e8b465ee728b)  -> (artifact id: '408ccb549911c1b1a119eca3b58e0070') in 0.414059 seconds 
  Import took 0.421800 seconds .

========================================================================
Received Import Request.
  Time since last request: 0.000261 seconds.
  path: Assets/Vehicles/Prefabs/Vehicle-14.prefab
  artifactKey: Guid(1c066fb854d00234d9c85ac04a1b7d94) Importer(815301076,1909f56bfc062723c751e8b465ee728b)
Start importing Assets/Vehicles/Prefabs/Vehicle-14.prefab using Guid(1c066fb854d00234d9c85ac04a1b7d94) Importer(815301076,1909f56bfc062723c751e8b465ee728b)  -> (artifact id: '046bd296d4356481537b93363e08086d') in 0.050002 seconds 
  Import took 0.057392 seconds .

========================================================================
Received Import Request.
  Time since last request: 0.000239 seconds.
  path: Assets/Vehicles/Prefabs/Vehicle-02.prefab
  artifactKey: Guid(78a608a71fa57324e990d8a947e71495) Importer(815301076,1909f56bfc062723c751e8b465ee728b)
Start importing Assets/Vehicles/Prefabs/Vehicle-02.prefab using Guid(78a608a71fa57324e990d8a947e71495) Importer(815301076,1909f56bfc062723c751e8b465ee728b)  -> (artifact id: 'd914059447382d55ecc75a83e0b47896') in 0.051793 seconds 
  Import took 0.060225 seconds .

========================================================================
Received Import Request.
  Time since last request: 0.000325 seconds.
  path: Assets/Vehicles/Prefabs/Vehicle-09.prefab
  artifactKey: Guid(5252f712320988841a949da3862eaca2) Importer(815301076,1909f56bfc062723c751e8b465ee728b)
Start importing Assets/Vehicles/Prefabs/Vehicle-09.prefab using Guid(5252f712320988841a949da3862eaca2) Importer(815301076,1909f56bfc062723c751e8b465ee728b)  -> (artifact id: 'df15532981aef0281409776e5b78e457') in 0.051067 seconds 
  Import took 0.058567 seconds .

========================================================================
Received Import Request.
  Time since last request: 0.000204 seconds.
  path: Assets/Vehicles/Prefabs/Vehicle-13.prefab
  artifactKey: Guid(edf9838e8f18fcd4094b467f047ee2ea) Importer(815301076,1909f56bfc062723c751e8b465ee728b)
Start importing Assets/Vehicles/Prefabs/Vehicle-13.prefab using Guid(edf9838e8f18fcd4094b467f047ee2ea) Importer(815301076,1909f56bfc062723c751e8b465ee728b)  -> (artifact id: '96e4bc21e6a4fb4ed7c5cfe827a372bd') in 0.033883 seconds 
  Import took 0.041854 seconds .

========================================================================
Received Import Request.
  Time since last request: 0.000201 seconds.
  path: Assets/Vehicles/Prefabs/Vehicle-11.prefab
  artifactKey: Guid(cbafdf04bedc1c94f8ea8942c49d2f6c) Importer(815301076,1909f56bfc062723c751e8b465ee728b)
Start importing Assets/Vehicles/Prefabs/Vehicle-11.prefab using Guid(cbafdf04bedc1c94f8ea8942c49d2f6c) Importer(815301076,1909f56bfc062723c751e8b465ee728b)  -> (artifact id: 'c6fc229c66367c4fb11d892967c31ebb') in 0.060351 seconds 
  Import took 0.068192 seconds .

========================================================================
Received Import Request.
  Time since last request: 0.000217 seconds.
  path: Assets/Vehicles/Prefabs/Vehicle-03.prefab
  artifactKey: Guid(f4b834811238b5e4cbc34cf75ca81e0d) Importer(815301076,1909f56bfc062723c751e8b465ee728b)
Start importing Assets/Vehicles/Prefabs/Vehicle-03.prefab using Guid(f4b834811238b5e4cbc34cf75ca81e0d) Importer(815301076,1909f56bfc062723c751e8b465ee728b)  -> (artifact id: 'ea8fbb9792e2b451966ff6018c5a4701') in 0.052604 seconds 
  Import took 0.061863 seconds .

========================================================================
Received Import Request.
  Time since last request: 0.000249 seconds.
  path: Assets/Vehicles/Prefabs/Vehicle-05.prefab
  artifactKey: Guid(ed287de3b44e9bc41a1f62ab813ae272) Importer(815301076,1909f56bfc062723c751e8b465ee728b)
Start importing Assets/Vehicles/Prefabs/Vehicle-05.prefab using Guid(ed287de3b44e9bc41a1f62ab813ae272) Importer(815301076,1909f56bfc062723c751e8b465ee728b)  -> (artifact id: '3a33daea737c3e2f4ca66b064b2e9a4a') in 0.029764 seconds 
  Import took 0.037146 seconds .

========================================================================
Received Import Request.
  Time since last request: 0.000201 seconds.
  path: Assets/Vehicles/Prefabs/Vehicle-08.prefab
  artifactKey: Guid(098b08318f6b2244cb28e9ec83863da0) Importer(815301076,1909f56bfc062723c751e8b465ee728b)
Start importing Assets/Vehicles/Prefabs/Vehicle-08.prefab using Guid(098b08318f6b2244cb28e9ec83863da0) Importer(815301076,1909f56bfc062723c751e8b465ee728b)  -> (artifact id: 'f55ccfc5d61150bb1bd92b30dc45a994') in 0.069019 seconds 
  Import took 0.079832 seconds .

========================================================================
Received Import Request.
  Time since last request: 0.000220 seconds.
  path: Assets/Vehicles/Prefabs/Vehicle-06.prefab
  artifactKey: Guid(b7c7d2a0399472c4d8d123a71c505f2f) Importer(815301076,1909f56bfc062723c751e8b465ee728b)
Start importing Assets/Vehicles/Prefabs/Vehicle-06.prefab using Guid(b7c7d2a0399472c4d8d123a71c505f2f) Importer(815301076,1909f56bfc062723c751e8b465ee728b)  -> (artifact id: 'a9d2d9508e1c895e74a538e3d1b8a559') in 0.079685 seconds 
  Import took 0.092580 seconds .

========================================================================
Received Import Request.
  Time since last request: 0.000252 seconds.
  path: Assets/Vehicles/Prefabs/Vehicle-17.prefab
  artifactKey: Guid(84cc2f8fa57c44848a8ff7d7ed2b6538) Importer(815301076,1909f56bfc062723c751e8b465ee728b)
Start importing Assets/Vehicles/Prefabs/Vehicle-17.prefab using Guid(84cc2f8fa57c44848a8ff7d7ed2b6538) Importer(815301076,1909f56bfc062723c751e8b465ee728b)  -> (artifact id: '7828b90bf5a6069b9ce8fcfa4eaffa72') in 0.090500 seconds 
  Import took 0.102100 seconds .

========================================================================
Received Import Request.
  Time since last request: 0.000187 seconds.
  path: Assets/Vehicles/Prefabs/Vehicle-16.prefab
  artifactKey: Guid(1579f8369216f9049b7046926cb8794f) Importer(815301076,1909f56bfc062723c751e8b465ee728b)
Start importing Assets/Vehicles/Prefabs/Vehicle-16.prefab using Guid(1579f8369216f9049b7046926cb8794f) Importer(815301076,1909f56bfc062723c751e8b465ee728b)  -> (artifact id: 'a06417eb5878e9de158f03704d76e235') in 0.074645 seconds 
  Import took 0.084625 seconds .

========================================================================
Received Import Request.
  Time since last request: 0.000210 seconds.
  path: Assets/Vehicles/Prefabs/Vehicle-01.prefab
  artifactKey: Guid(7ca3389db1082b24cad45fb46d7982ae) Importer(815301076,1909f56bfc062723c751e8b465ee728b)
Start importing Assets/Vehicles/Prefabs/Vehicle-01.prefab using Guid(7ca3389db1082b24cad45fb46d7982ae) Importer(815301076,1909f56bfc062723c751e8b465ee728b)  -> (artifact id: 'd855092860e28bd1773b531f9f9123a5') in 0.057432 seconds 
  Import took 0.068458 seconds .

========================================================================
Received Import Request.
  Time since last request: 0.000332 seconds.
  path: Assets/Vehicles/Prefabs/Vehicle-12.prefab
  artifactKey: Guid(1aa8a6405f9c9944285698f93eba6b70) Importer(815301076,1909f56bfc062723c751e8b465ee728b)
Start importing Assets/Vehicles/Prefabs/Vehicle-12.prefab using Guid(1aa8a6405f9c9944285698f93eba6b70) Importer(815301076,1909f56bfc062723c751e8b465ee728b)  -> (artifact id: '31a1703d892158e15f26cab8d667fb98') in 0.041272 seconds 
  Import took 0.049464 seconds .

========================================================================
Received Import Request.
  Time since last request: 0.000230 seconds.
  path: Assets/Vehicles/Prefabs/Vehicle-04.prefab
  artifactKey: Guid(31f837740e26f0a45a2274d4b5fa3c31) Importer(815301076,1909f56bfc062723c751e8b465ee728b)
Start importing Assets/Vehicles/Prefabs/Vehicle-04.prefab using Guid(31f837740e26f0a45a2274d4b5fa3c31) Importer(815301076,1909f56bfc062723c751e8b465ee728b)  -> (artifact id: '0d1907415d8cb128a19f5b171efb72a4') in 0.039319 seconds 
  Import took 0.047641 seconds .

========================================================================
Received Import Request.
  Time since last request: 0.000199 seconds.
  path: Assets/Vehicles/Prefabs/Vehicle-10.prefab
  artifactKey: Guid(84cea08c9aa49ed43a50b541fa0401fb) Importer(815301076,1909f56bfc062723c751e8b465ee728b)
Start importing Assets/Vehicles/Prefabs/Vehicle-10.prefab using Guid(84cea08c9aa49ed43a50b541fa0401fb) Importer(815301076,1909f56bfc062723c751e8b465ee728b)  -> (artifact id: 'cbf2d431d2d6640e2e491afad9919000') in 0.045241 seconds 
  Import took 0.054369 seconds .

========================================================================
Received Import Request.
  Time since last request: 0.000371 seconds.
  path: Assets/Vehicles/Prefabs/Vehicle-15.prefab
  artifactKey: Guid(1f937f160ec808c4485dd2bbf2901b3e) Importer(815301076,1909f56bfc062723c751e8b465ee728b)
Start importing Assets/Vehicles/Prefabs/Vehicle-15.prefab using Guid(1f937f160ec808c4485dd2bbf2901b3e) Importer(815301076,1909f56bfc062723c751e8b465ee728b)  -> (artifact id: '1cf9711cd68c832130e96ddebbf9d440') in 0.071793 seconds 
  Import took 0.124144 seconds .

========================================================================
Received Prepare
Registering precompiled user dll's ...
Registered in 0.009319 seconds.
Begin MonoManager ReloadAssembly
Native extension for WindowsStandalone target not found
Refreshing native plugins compatible for Editor in 1.14 ms, found 2 plugins.
Preloading 0 native plugins for Editor in 0.00 ms.
Mono: successfully reloaded assembly
- Completed reload, in  1.950 seconds
Domain Reload Profiling:
	ReloadAssembly (1950ms)
		BeginReloadAssembly (173ms)
			ExecutionOrderSort (0ms)
			DisableScriptedObjects (9ms)
			BackupInstance (0ms)
			ReleaseScriptingObjects (0ms)
			CreateAndSetChildDomain (48ms)
		EndReloadAssembly (1675ms)
			LoadAssemblies (137ms)
			RebuildTransferFunctionScriptingTraits (0ms)
			SetupTypeCache (572ms)
			ReleaseScriptCaches (1ms)
			RebuildScriptCaches (53ms)
			SetupLoadedEditorAssemblies (731ms)
				LogAssemblyErrors (0ms)
				InitializePlatformSupportModulesInManaged (5ms)
				SetLoadedEditorAssemblies (1ms)
				RefreshPlugins (1ms)
				BeforeProcessingInitializeOnLoad (81ms)
				ProcessInitializeOnLoadAttributes (624ms)
				ProcessInitializeOnLoadMethodAttributes (9ms)
				AfterProcessingInitializeOnLoad (10ms)
				EditorAssembliesLoaded (0ms)
			ExecutionOrderSort2 (0ms)
			AwakeInstancesAfterBackupRestoration (18ms)
Platform modules already initialized, skipping
Refreshing native plugins compatible for Editor in 1.04 ms, found 2 plugins.
Preloading 0 native plugins for Editor in 0.00 ms.
Unloading 3063 Unused Serialized files (Serialized files now loaded: 0)
System memory in use before: 192.9 MB.
System memory in use after: 193.0 MB.

Unloading 18 unused Assets to reduce memory usage. Loaded Objects now: 3805.
Total: 4.511200 ms (FindLiveObjects: 0.377300 ms CreateObjectMapping: 0.229700 ms MarkObjects: 3.694600 ms  DeleteObjects: 0.208100 ms)

AssetImportParameters requested are different than current active one (requested -> active):
  custom:framework-win-MediaFoundation: 216162199b28c13a410421893ffa2e32 -> 
  custom:video-decoder-ogg-theora: a1e56fd34408186e4bbccfd4996cb3dc -> 
  custom:container-muxer-webm: aa71ff27fc2769a1b78a27578f13a17b -> 
  custom:container-demuxer-webm: 4f35f7cbe854078d1ac9338744f61a02 -> 
  custom:container-demuxer-ogg: 62fdf1f143b41e24485cea50d1cbac27 -> 
  custom:video-encoder-webm-vp8: eb34c28f22e8b96e1ab97ce403110664 -> 
  custom:video-codec-MediaFoundation-h265: 746d11721c4dcdbdad8f713fa42b33f4 -> 
  custom:video-decoder-webm-vp8: 9c59270c3fd7afecdb556c50c9e8de78 -> 
  custom:audio-decoder-ogg-vorbis: bf7c407c2cedff20999df2af8eb42d56 -> 
  custom:audio-encoder-webm-vorbis: bf7c407c2cedff20999df2af8eb42d56 -> 
========================================================================
Received Import Request.
  Time since last request: 2920.244971 seconds.
  path: Assets/Scripts/Characters/NPCAICity.cs
  artifactKey: Guid(7e96c30d2694f014584e865036a05786) Importer(815301076,1909f56bfc062723c751e8b465ee728b)
Start importing Assets/Scripts/Characters/NPCAICity.cs using Guid(7e96c30d2694f014584e865036a05786) Importer(815301076,1909f56bfc062723c751e8b465ee728b)  -> (artifact id: '6f87946d6f132b0089ae042241bb91e9') in 0.039367 seconds 
  Import took 0.047846 seconds .

========================================================================
Received Prepare
Registering precompiled user dll's ...
Registered in 0.010343 seconds.
Begin MonoManager ReloadAssembly
Native extension for WindowsStandalone target not found
Refreshing native plugins compatible for Editor in 1.87 ms, found 2 plugins.
Preloading 0 native plugins for Editor in 0.00 ms.
Mono: successfully reloaded assembly
- Completed reload, in  2.699 seconds
Domain Reload Profiling:
	ReloadAssembly (2700ms)
		BeginReloadAssembly (163ms)
			ExecutionOrderSort (0ms)
			DisableScriptedObjects (8ms)
			BackupInstance (0ms)
			ReleaseScriptingObjects (0ms)
			CreateAndSetChildDomain (53ms)
		EndReloadAssembly (2376ms)
			LoadAssemblies (168ms)
			RebuildTransferFunctionScriptingTraits (0ms)
			SetupTypeCache (532ms)
			ReleaseScriptCaches (1ms)
			RebuildScriptCaches (78ms)
			SetupLoadedEditorAssemblies (1295ms)
				LogAssemblyErrors (0ms)
				InitializePlatformSupportModulesInManaged (16ms)
				SetLoadedEditorAssemblies (2ms)
				RefreshPlugins (2ms)
				BeforeProcessingInitializeOnLoad (111ms)
				ProcessInitializeOnLoadAttributes (1133ms)
				ProcessInitializeOnLoadMethodAttributes (21ms)
				AfterProcessingInitializeOnLoad (10ms)
				EditorAssembliesLoaded (0ms)
			ExecutionOrderSort2 (0ms)
			AwakeInstancesAfterBackupRestoration (46ms)
Platform modules already initialized, skipping
Refreshing native plugins compatible for Editor in 1.58 ms, found 2 plugins.
Preloading 0 native plugins for Editor in 0.00 ms.
Unloading 3063 Unused Serialized files (Serialized files now loaded: 0)
System memory in use before: 193.0 MB.
System memory in use after: 193.1 MB.

Unloading 18 unused Assets to reduce memory usage. Loaded Objects now: 3807.
Total: 10.028300 ms (FindLiveObjects: 1.466400 ms CreateObjectMapping: 1.277500 ms MarkObjects: 7.039300 ms  DeleteObjects: 0.242800 ms)

AssetImportParameters requested are different than current active one (requested -> active):
  custom:framework-win-MediaFoundation: 216162199b28c13a410421893ffa2e32 -> 
  custom:video-decoder-ogg-theora: a1e56fd34408186e4bbccfd4996cb3dc -> 
  custom:container-muxer-webm: aa71ff27fc2769a1b78a27578f13a17b -> 
  custom:container-demuxer-webm: 4f35f7cbe854078d1ac9338744f61a02 -> 
  custom:container-demuxer-ogg: 62fdf1f143b41e24485cea50d1cbac27 -> 
  custom:video-encoder-webm-vp8: eb34c28f22e8b96e1ab97ce403110664 -> 
  custom:video-codec-MediaFoundation-h265: 746d11721c4dcdbdad8f713fa42b33f4 -> 
  custom:video-decoder-webm-vp8: 9c59270c3fd7afecdb556c50c9e8de78 -> 
  custom:audio-decoder-ogg-vorbis: bf7c407c2cedff20999df2af8eb42d56 -> 
  custom:audio-encoder-webm-vorbis: bf7c407c2cedff20999df2af8eb42d56 -> 
========================================================================
Received Prepare
Registering precompiled user dll's ...
Registered in 0.006869 seconds.
Begin MonoManager ReloadAssembly
Native extension for WindowsStandalone target not found
Refreshing native plugins compatible for Editor in 2.09 ms, found 2 plugins.
Preloading 0 native plugins for Editor in 0.00 ms.
Mono: successfully reloaded assembly
- Completed reload, in  1.789 seconds
Domain Reload Profiling:
	ReloadAssembly (1790ms)
		BeginReloadAssembly (147ms)
			ExecutionOrderSort (0ms)
			DisableScriptedObjects (6ms)
			BackupInstance (0ms)
			ReleaseScriptingObjects (0ms)
			CreateAndSetChildDomain (48ms)
		EndReloadAssembly (1561ms)
			LoadAssemblies (125ms)
			RebuildTransferFunctionScriptingTraits (0ms)
			SetupTypeCache (401ms)
			ReleaseScriptCaches (1ms)
			RebuildScriptCaches (57ms)
			SetupLoadedEditorAssemblies (743ms)
				LogAssemblyErrors (0ms)
				InitializePlatformSupportModulesInManaged (4ms)
				SetLoadedEditorAssemblies (1ms)
				RefreshPlugins (2ms)
				BeforeProcessingInitializeOnLoad (81ms)
				ProcessInitializeOnLoadAttributes (636ms)
				ProcessInitializeOnLoadMethodAttributes (10ms)
				AfterProcessingInitializeOnLoad (9ms)
				EditorAssembliesLoaded (0ms)
			ExecutionOrderSort2 (0ms)
			AwakeInstancesAfterBackupRestoration (21ms)
Platform modules already initialized, skipping
Refreshing native plugins compatible for Editor in 1.14 ms, found 2 plugins.
Preloading 0 native plugins for Editor in 0.00 ms.
Unloading 3063 Unused Serialized files (Serialized files now loaded: 0)
System memory in use before: 193.0 MB.
System memory in use after: 193.1 MB.

Unloading 18 unused Assets to reduce memory usage. Loaded Objects now: 3809.
Total: 5.489700 ms (FindLiveObjects: 0.454300 ms CreateObjectMapping: 0.434800 ms MarkObjects: 4.349500 ms  DeleteObjects: 0.249400 ms)

AssetImportParameters requested are different than current active one (requested -> active):
  custom:framework-win-MediaFoundation: 216162199b28c13a410421893ffa2e32 -> 
  custom:video-decoder-ogg-theora: a1e56fd34408186e4bbccfd4996cb3dc -> 
  custom:container-muxer-webm: aa71ff27fc2769a1b78a27578f13a17b -> 
  custom:container-demuxer-webm: 4f35f7cbe854078d1ac9338744f61a02 -> 
  custom:container-demuxer-ogg: 62fdf1f143b41e24485cea50d1cbac27 -> 
  custom:video-encoder-webm-vp8: eb34c28f22e8b96e1ab97ce403110664 -> 
  custom:video-codec-MediaFoundation-h265: 746d11721c4dcdbdad8f713fa42b33f4 -> 
  custom:video-decoder-webm-vp8: 9c59270c3fd7afecdb556c50c9e8de78 -> 
  custom:audio-decoder-ogg-vorbis: bf7c407c2cedff20999df2af8eb42d56 -> 
  custom:audio-encoder-webm-vorbis: bf7c407c2cedff20999df2af8eb42d56 -> 
========================================================================
Received Import Request.
  Time since last request: 1031.011296 seconds.
  path: ProjectSettings/TagManager.asset
  artifactKey: Guid(00000000000000003000000000000000) Importer(815301076,1909f56bfc062723c751e8b465ee728b)
Start importing ProjectSettings/TagManager.asset using Guid(00000000000000003000000000000000) Importer(815301076,1909f56bfc062723c751e8b465ee728b)  -> (artifact id: 'f752509e66f9a3c1c55e854a27e2c155') in 0.257175 seconds 
  Import took 0.267022 seconds .

========================================================================
Received Import Request.
  Time since last request: 48.738189 seconds.
  path: Assets/Vehicles/Prefabs/Vehicle-01.prefab
  artifactKey: Guid(7ca3389db1082b24cad45fb46d7982ae) Importer(815301076,1909f56bfc062723c751e8b465ee728b)
Start importing Assets/Vehicles/Prefabs/Vehicle-01.prefab using Guid(7ca3389db1082b24cad45fb46d7982ae) Importer(815301076,1909f56bfc062723c751e8b465ee728b)  -> (artifact id: 'd98bbf2768f062f81cce596e797bc643') in 1.209026 seconds 
  Import took 1.218753 seconds .

========================================================================
Received Import Request.
  Time since last request: 0.000289 seconds.
  path: Assets/Vehicles/Prefabs/Vehicle-07.prefab
  artifactKey: Guid(e3577d762f2e3b64eb87101a3f5d0006) Importer(815301076,1909f56bfc062723c751e8b465ee728b)
Start importing Assets/Vehicles/Prefabs/Vehicle-07.prefab using Guid(e3577d762f2e3b64eb87101a3f5d0006) Importer(815301076,1909f56bfc062723c751e8b465ee728b)  -> (artifact id: '1d27e641b97a6ff4971f6c8f51e30c91') in 1.078667 seconds 
  Import took 1.089345 seconds .

========================================================================
Received Import Request.
  Time since last request: 0.000209 seconds.
  path: Assets/Vehicles/Prefabs/Vehicle-14.prefab
  artifactKey: Guid(1c066fb854d00234d9c85ac04a1b7d94) Importer(815301076,1909f56bfc062723c751e8b465ee728b)
Start importing Assets/Vehicles/Prefabs/Vehicle-14.prefab using Guid(1c066fb854d00234d9c85ac04a1b7d94) Importer(815301076,1909f56bfc062723c751e8b465ee728b)  -> (artifact id: '0d9fb4558eee4acdd9f282ba7e3f687f') in 0.589395 seconds 
  Import took 0.598436 seconds .

========================================================================
Received Import Request.
  Time since last request: 0.000377 seconds.
  path: Assets/Vehicles/Prefabs/Vehicle-02.prefab
  artifactKey: Guid(78a608a71fa57324e990d8a947e71495) Importer(815301076,1909f56bfc062723c751e8b465ee728b)
Start importing Assets/Vehicles/Prefabs/Vehicle-02.prefab using Guid(78a608a71fa57324e990d8a947e71495) Importer(815301076,1909f56bfc062723c751e8b465ee728b)  -> (artifact id: '0ef1a532945b773e0e6a25e04e842a99') in 0.772719 seconds 
  Import took 0.892940 seconds .

========================================================================
Received Import Request.
  Time since last request: 0.000241 seconds.
  path: Assets/Vehicles/Prefabs/Vehicle-09.prefab
  artifactKey: Guid(5252f712320988841a949da3862eaca2) Importer(815301076,1909f56bfc062723c751e8b465ee728b)
Start importing Assets/Vehicles/Prefabs/Vehicle-09.prefab using Guid(5252f712320988841a949da3862eaca2) Importer(815301076,1909f56bfc062723c751e8b465ee728b)  -> (artifact id: '6e5937fbf9b6b5f28017a3391813e562') in 0.145687 seconds 
  Import took 0.157178 seconds .

========================================================================
Received Import Request.
  Time since last request: 0.000183 seconds.
  path: Assets/Vehicles/Prefabs/Vehicle-13.prefab
  artifactKey: Guid(edf9838e8f18fcd4094b467f047ee2ea) Importer(815301076,1909f56bfc062723c751e8b465ee728b)
Start importing Assets/Vehicles/Prefabs/Vehicle-13.prefab using Guid(edf9838e8f18fcd4094b467f047ee2ea) Importer(815301076,1909f56bfc062723c751e8b465ee728b)  -> (artifact id: '96cbb26471b909cecd180954ca74910b') in 0.747152 seconds 
  Import took 0.753897 seconds .

========================================================================
Received Import Request.
  Time since last request: 0.000423 seconds.
  path: Assets/Vehicles/Prefabs/Vehicle-11.prefab
  artifactKey: Guid(cbafdf04bedc1c94f8ea8942c49d2f6c) Importer(815301076,1909f56bfc062723c751e8b465ee728b)
Start importing Assets/Vehicles/Prefabs/Vehicle-11.prefab using Guid(cbafdf04bedc1c94f8ea8942c49d2f6c) Importer(815301076,1909f56bfc062723c751e8b465ee728b)  -> (artifact id: '827cf8b44c80ab12e4c458fc66f47516') in 0.751606 seconds 
  Import took 0.781856 seconds .

========================================================================
Received Import Request.
  Time since last request: 0.000233 seconds.
  path: Assets/Vehicles/Prefabs/Vehicle-03.prefab
  artifactKey: Guid(f4b834811238b5e4cbc34cf75ca81e0d) Importer(815301076,1909f56bfc062723c751e8b465ee728b)
Start importing Assets/Vehicles/Prefabs/Vehicle-03.prefab using Guid(f4b834811238b5e4cbc34cf75ca81e0d) Importer(815301076,1909f56bfc062723c751e8b465ee728b)  -> (artifact id: '4c72566914caf0a644f47ddf29ecd7b6') in 0.094024 seconds 
  Import took 0.108698 seconds .

========================================================================
Received Import Request.
  Time since last request: 0.000191 seconds.
  path: Assets/Vehicles/Prefabs/Vehicle-05.prefab
  artifactKey: Guid(ed287de3b44e9bc41a1f62ab813ae272) Importer(815301076,1909f56bfc062723c751e8b465ee728b)
Start importing Assets/Vehicles/Prefabs/Vehicle-05.prefab using Guid(ed287de3b44e9bc41a1f62ab813ae272) Importer(815301076,1909f56bfc062723c751e8b465ee728b)  -> (artifact id: '3f838813d0455cec10ddbfbef07204d9') in 0.060160 seconds 
  Import took 0.070551 seconds .

========================================================================
Received Import Request.
  Time since last request: 0.000113 seconds.
  path: Assets/Vehicles/Prefabs/Vehicle-08.prefab
  artifactKey: Guid(098b08318f6b2244cb28e9ec83863da0) Importer(815301076,1909f56bfc062723c751e8b465ee728b)
Start importing Assets/Vehicles/Prefabs/Vehicle-08.prefab using Guid(098b08318f6b2244cb28e9ec83863da0) Importer(815301076,1909f56bfc062723c751e8b465ee728b)  -> (artifact id: 'd2dd8156c678c6e00a94d529f1a5f70b') in 1.120410 seconds 
  Import took 1.129406 seconds .

========================================================================
Received Import Request.
  Time since last request: 0.000088 seconds.
  path: Assets/Vehicles/Prefabs/Vehicle-06.prefab
  artifactKey: Guid(b7c7d2a0399472c4d8d123a71c505f2f) Importer(815301076,1909f56bfc062723c751e8b465ee728b)
Start importing Assets/Vehicles/Prefabs/Vehicle-06.prefab using Guid(b7c7d2a0399472c4d8d123a71c505f2f) Importer(815301076,1909f56bfc062723c751e8b465ee728b)  -> (artifact id: 'acb1023469e1365b8edecfb76c33b958') in 1.336321 seconds 
  Import took 1.344888 seconds .

========================================================================
Received Prepare
Registering precompiled user dll's ...
Registered in 0.010393 seconds.
Begin MonoManager ReloadAssembly
Native extension for WindowsStandalone target not found
Refreshing native plugins compatible for Editor in 1.19 ms, found 2 plugins.
Preloading 0 native plugins for Editor in 0.00 ms.
Mono: successfully reloaded assembly
- Completed reload, in  2.064 seconds
Domain Reload Profiling:
	ReloadAssembly (2065ms)
		BeginReloadAssembly (182ms)
			ExecutionOrderSort (0ms)
			DisableScriptedObjects (9ms)
			BackupInstance (0ms)
			ReleaseScriptingObjects (0ms)
			CreateAndSetChildDomain (59ms)
		EndReloadAssembly (1794ms)
			LoadAssemblies (151ms)
			RebuildTransferFunctionScriptingTraits (0ms)
			SetupTypeCache (455ms)
			ReleaseScriptCaches (1ms)
			RebuildScriptCaches (60ms)
			SetupLoadedEditorAssemblies (948ms)
				LogAssemblyErrors (0ms)
				InitializePlatformSupportModulesInManaged (6ms)
				SetLoadedEditorAssemblies (1ms)
				RefreshPlugins (1ms)
				BeforeProcessingInitializeOnLoad (97ms)
				ProcessInitializeOnLoadAttributes (821ms)
				ProcessInitializeOnLoadMethodAttributes (13ms)
				AfterProcessingInitializeOnLoad (9ms)
				EditorAssembliesLoaded (0ms)
			ExecutionOrderSort2 (0ms)
			AwakeInstancesAfterBackupRestoration (21ms)
Platform modules already initialized, skipping
Refreshing native plugins compatible for Editor in 1.14 ms, found 2 plugins.
Preloading 0 native plugins for Editor in 0.00 ms.
Unloading 3063 Unused Serialized files (Serialized files now loaded: 0)
System memory in use before: 193.5 MB.
System memory in use after: 193.5 MB.

Unloading 19 unused Assets to reduce memory usage. Loaded Objects now: 3847.
Total: 4.186300 ms (FindLiveObjects: 0.373900 ms CreateObjectMapping: 0.199600 ms MarkObjects: 3.391600 ms  DeleteObjects: 0.219700 ms)

AssetImportParameters requested are different than current active one (requested -> active):
  custom:framework-win-MediaFoundation: 216162199b28c13a410421893ffa2e32 -> 
  custom:video-decoder-ogg-theora: a1e56fd34408186e4bbccfd4996cb3dc -> 
  custom:container-muxer-webm: aa71ff27fc2769a1b78a27578f13a17b -> 
  custom:container-demuxer-webm: 4f35f7cbe854078d1ac9338744f61a02 -> 
  custom:container-demuxer-ogg: 62fdf1f143b41e24485cea50d1cbac27 -> 
  custom:video-encoder-webm-vp8: eb34c28f22e8b96e1ab97ce403110664 -> 
  custom:video-codec-MediaFoundation-h265: 746d11721c4dcdbdad8f713fa42b33f4 -> 
  custom:video-decoder-webm-vp8: 9c59270c3fd7afecdb556c50c9e8de78 -> 
  custom:audio-decoder-ogg-vorbis: bf7c407c2cedff20999df2af8eb42d56 -> 
  custom:audio-encoder-webm-vorbis: bf7c407c2cedff20999df2af8eb42d56 -> 
========================================================================
Received Import Request.
  Time since last request: 35.479884 seconds.
  path: Assets/Vehicles/Prefabs/Vehicle-04.prefab
  artifactKey: Guid(31f837740e26f0a45a2274d4b5fa3c31) Importer(815301076,1909f56bfc062723c751e8b465ee728b)
Start importing Assets/Vehicles/Prefabs/Vehicle-04.prefab using Guid(31f837740e26f0a45a2274d4b5fa3c31) Importer(815301076,1909f56bfc062723c751e8b465ee728b)  -> (artifact id: '388f18afacc86652aefbd03e04817c9c') in 0.404179 seconds 
  Import took 0.412958 seconds .

========================================================================
Received Import Request.
  Time since last request: 0.000322 seconds.
  path: Assets/Vehicles/Prefabs/Vehicle-06.prefab
  artifactKey: Guid(b7c7d2a0399472c4d8d123a71c505f2f) Importer(815301076,1909f56bfc062723c751e8b465ee728b)
Start importing Assets/Vehicles/Prefabs/Vehicle-06.prefab using Guid(b7c7d2a0399472c4d8d123a71c505f2f) Importer(815301076,1909f56bfc062723c751e8b465ee728b)  -> (artifact id: '210125e8d0967f348a098d99a444f311') in 0.086913 seconds 
  Import took 0.095876 seconds .

========================================================================
Received Import Request.
  Time since last request: 0.000193 seconds.
  path: Assets/Vehicles/Prefabs/Vehicle-17.prefab
  artifactKey: Guid(84cc2f8fa57c44848a8ff7d7ed2b6538) Importer(815301076,1909f56bfc062723c751e8b465ee728b)
Start importing Assets/Vehicles/Prefabs/Vehicle-17.prefab using Guid(84cc2f8fa57c44848a8ff7d7ed2b6538) Importer(815301076,1909f56bfc062723c751e8b465ee728b)  -> (artifact id: 'f35d6474ea70ae5364250452e77a6dda') in 0.144357 seconds 
  Import took 0.151799 seconds .

========================================================================
Received Import Request.
  Time since last request: 0.000196 seconds.
  path: Assets/Vehicles/Prefabs/Vehicle-16.prefab
  artifactKey: Guid(1579f8369216f9049b7046926cb8794f) Importer(815301076,1909f56bfc062723c751e8b465ee728b)
Start importing Assets/Vehicles/Prefabs/Vehicle-16.prefab using Guid(1579f8369216f9049b7046926cb8794f) Importer(815301076,1909f56bfc062723c751e8b465ee728b)  -> (artifact id: 'e7976f68a84d4b4157addaf2adf5557e') in 0.090897 seconds 
  Import took 0.105092 seconds .

========================================================================
Received Import Request.
  Time since last request: 0.000191 seconds.
  path: Assets/Vehicles/Prefabs/Vehicle-12.prefab
  artifactKey: Guid(1aa8a6405f9c9944285698f93eba6b70) Importer(815301076,1909f56bfc062723c751e8b465ee728b)
Start importing Assets/Vehicles/Prefabs/Vehicle-12.prefab using Guid(1aa8a6405f9c9944285698f93eba6b70) Importer(815301076,1909f56bfc062723c751e8b465ee728b)  -> (artifact id: '5299e23971ecab2f869446b7016ff8e1') in 0.068585 seconds 
  Import took 0.077512 seconds .

========================================================================
Received Import Request.
  Time since last request: 0.000265 seconds.
  path: Assets/Vehicles/Prefabs/Vehicle-10.prefab
  artifactKey: Guid(84cea08c9aa49ed43a50b541fa0401fb) Importer(815301076,1909f56bfc062723c751e8b465ee728b)
Start importing Assets/Vehicles/Prefabs/Vehicle-10.prefab using Guid(84cea08c9aa49ed43a50b541fa0401fb) Importer(815301076,1909f56bfc062723c751e8b465ee728b)  -> (artifact id: '4edf0497e210e0a448a30c912974a326') in 0.064716 seconds 
  Import took 0.072298 seconds .

========================================================================
Received Import Request.
  Time since last request: 0.000198 seconds.
  path: Assets/Vehicles/Prefabs/Vehicle-15.prefab
  artifactKey: Guid(1f937f160ec808c4485dd2bbf2901b3e) Importer(815301076,1909f56bfc062723c751e8b465ee728b)
Start importing Assets/Vehicles/Prefabs/Vehicle-15.prefab using Guid(1f937f160ec808c4485dd2bbf2901b3e) Importer(815301076,1909f56bfc062723c751e8b465ee728b)  -> (artifact id: '79b4e672b1eae057961a17144dcf2744') in 0.111143 seconds 
  Import took 0.120777 seconds .

========================================================================
Received Prepare
Registering precompiled user dll's ...
Registered in 0.008488 seconds.
Begin MonoManager ReloadAssembly
Native extension for WindowsStandalone target not found
Refreshing native plugins compatible for Editor in 1.47 ms, found 2 plugins.
Preloading 0 native plugins for Editor in 0.00 ms.
Mono: successfully reloaded assembly
- Completed reload, in  2.022 seconds
Domain Reload Profiling:
	ReloadAssembly (2023ms)
		BeginReloadAssembly (158ms)
			ExecutionOrderSort (0ms)
			DisableScriptedObjects (9ms)
			BackupInstance (0ms)
			ReleaseScriptingObjects (0ms)
			CreateAndSetChildDomain (48ms)
		EndReloadAssembly (1770ms)
			LoadAssemblies (145ms)
			RebuildTransferFunctionScriptingTraits (0ms)
			SetupTypeCache (523ms)
			ReleaseScriptCaches (2ms)
			RebuildScriptCaches (76ms)
			SetupLoadedEditorAssemblies (842ms)
				LogAssemblyErrors (0ms)
				InitializePlatformSupportModulesInManaged (5ms)
				SetLoadedEditorAssemblies (1ms)
				RefreshPlugins (2ms)
				BeforeProcessingInitializeOnLoad (102ms)
				ProcessInitializeOnLoadAttributes (714ms)
				ProcessInitializeOnLoadMethodAttributes (10ms)
				AfterProcessingInitializeOnLoad (9ms)
				EditorAssembliesLoaded (0ms)
			ExecutionOrderSort2 (0ms)
			AwakeInstancesAfterBackupRestoration (20ms)
Platform modules already initialized, skipping
Refreshing native plugins compatible for Editor in 0.97 ms, found 2 plugins.
Preloading 0 native plugins for Editor in 0.00 ms.
Unloading 3063 Unused Serialized files (Serialized files now loaded: 0)
System memory in use before: 193.6 MB.
System memory in use after: 193.7 MB.

Unloading 18 unused Assets to reduce memory usage. Loaded Objects now: 3885.
Total: 5.067800 ms (FindLiveObjects: 0.392900 ms CreateObjectMapping: 0.205300 ms MarkObjects: 4.145300 ms  DeleteObjects: 0.322500 ms)

AssetImportParameters requested are different than current active one (requested -> active):
  custom:framework-win-MediaFoundation: 216162199b28c13a410421893ffa2e32 -> 
  custom:video-decoder-ogg-theora: a1e56fd34408186e4bbccfd4996cb3dc -> 
  custom:container-muxer-webm: aa71ff27fc2769a1b78a27578f13a17b -> 
  custom:container-demuxer-webm: 4f35f7cbe854078d1ac9338744f61a02 -> 
  custom:container-demuxer-ogg: 62fdf1f143b41e24485cea50d1cbac27 -> 
  custom:video-encoder-webm-vp8: eb34c28f22e8b96e1ab97ce403110664 -> 
  custom:video-codec-MediaFoundation-h265: 746d11721c4dcdbdad8f713fa42b33f4 -> 
  custom:video-decoder-webm-vp8: 9c59270c3fd7afecdb556c50c9e8de78 -> 
  custom:audio-decoder-ogg-vorbis: bf7c407c2cedff20999df2af8eb42d56 -> 
  custom:audio-encoder-webm-vorbis: bf7c407c2cedff20999df2af8eb42d56 -> 
AssetImportWorkerClient::OnTransportError - code=2 error=End of file
